#
# There is insufficient memory for the Java Runtime Environment to continue.
# Native memory allocation (mmap) failed to map 257949696 bytes. Error detail: G1 virtual space
# Possible reasons:
#   The system is out of physical RAM or swap space
#   This process is running with CompressedOops enabled, and the Java Heap may be blocking the growth of the native heap
# Possible solutions:
#   Reduce memory load on the system
#   Increase physical memory or swap space
#   Check if swap backing store is full
#   Decrease Java heap size (-Xmx/-Xms)
#   Decrease number of Java threads
#   Decrease Java thread stack sizes (-Xss)
#   Set larger code cache with -XX:ReservedCodeCacheSize=
#   JVM is running with Zero Based Compressed Oops mode in which the Java heap is
#     placed in the first 32GB address space. The Java Heap base address is the
#     maximum limit for the native heap growth. Please use -XX:HeapBaseMinAddress
#     to set the Java Heap base and to place the Java Heap above 32GB virtual address.
# This output file may be truncated or incomplete.
#
#  Out of Memory Error (os_windows.cpp:3898), pid=33976, tid=40400
#
# JRE version:  (21.0.6+8) (build )
# Java VM: OpenJDK 64-Bit Server VM (21.0.6+8-b631.39, mixed mode, sharing, tiered, compressed oops, compressed class ptrs, g1 gc, windows-amd64)
# No core dump will be written. Minidumps are not enabled by default on client versions of Windows
#

---------------  S U M M A R Y ------------

Command Line: git4idea.http.GitAskPassApp Username for 'https://github.com': 

Host: AMD Ryzen 5 4600H with Radeon Graphics         , 12 cores, 15G,  Windows 11 , 64 bit Build 22621 (10.0.22621.4830)
Time: Thu Mar 27 23:26:59 2025 RTZ 2 (s 11 , 64 bit Build 22621 (10.0.22621.4830) elapsed time: 0.009152 seconds (0d 0h 0m 0s)

---------------  T H R E A D  ---------------

Current thread (0x0000015151fc37e0):  JavaThread "Unknown thread" [_thread_in_vm, id=40400, stack(0x00000037d9200000,0x00000037d9300000) (1024K)]

Stack: [0x00000037d9200000,0x00000037d9300000]
Native frames: (J=compiled Java code, j=interpreted, Vv=VM code, C=native code)
V  [jvm.dll+0x6e5d39]
V  [jvm.dll+0x8c4133]
V  [jvm.dll+0x8c668e]
V  [jvm.dll+0x8c6d73]
V  [jvm.dll+0x288f76]
V  [jvm.dll+0x6e25f5]
V  [jvm.dll+0x6d60aa]
V  [jvm.dll+0x3635bb]
V  [jvm.dll+0x36b186]
V  [jvm.dll+0x3bd4b6]
V  [jvm.dll+0x3bd788]
V  [jvm.dll+0x335d2c]
V  [jvm.dll+0x336a1b]
V  [jvm.dll+0x88b589]
V  [jvm.dll+0x3ca688]
V  [jvm.dll+0x874698]
V  [jvm.dll+0x45f04e]
V  [jvm.dll+0x460d31]
C  [jli.dll+0x52ab]
C  [ucrtbase.dll+0x29333]
C  [KERNEL32.DLL+0x1259d]
C  [ntdll.dll+0x5af38]


---------------  P R O C E S S  ---------------

Threads class SMR info:
_java_thread_list=0x00007ffb3c8ba148, length=0, elements={
}

Java Threads: ( => current thread )
Total: 0

Other Threads:
  0x000001515441f2d0 WorkerThread "GC Thread#0"                     [id=45784, stack(0x00000037d9300000,0x00000037d9400000) (1024K)]
  0x000001515442fa60 ConcurrentGCThread "G1 Main Marker"            [id=43896, stack(0x00000037d9400000,0x00000037d9500000) (1024K)]
  0x0000015154430d00 WorkerThread "G1 Conc#0"                       [id=3948, stack(0x00000037d9500000,0x00000037d9600000) (1024K)]

[error occurred during error reporting (printing all threads), id 0xc0000005, EXCEPTION_ACCESS_VIOLATION (0xc0000005) at pc=0x00007ffb3bfa8de7]
VM state: not at safepoint (not fully initialized)

VM Mutex/Monitor currently owned by a thread:  ([mutex/lock_event])
[0x00007ffb3c92eb30] Heap_lock - owner thread: 0x0000015151fc37e0

Heap address: 0x000000070a000000, size: 3936 MB, Compressed Oops mode: Zero based, Oop shift amount: 3

CDS archive(s) mapped at: [0x0000000000000000-0x0000000000000000-0x0000000000000000), size 0, SharedBaseAddress: 0x0000000800000000, ArchiveRelocationMode: 1.
Narrow klass base: 0x0000000000000000, Narrow klass shift: 0, Narrow klass range: 0x0

GC Precious Log:
 CardTable entry size: 512
 Card Set container configuration: InlinePtr #cards 4 size 8 Array Of Cards #cards 16 size 48 Howl #buckets 8 coarsen threshold 3686 Howl Bitmap #cards 512 size 80 coarsen threshold 460 Card regions per heap region 1 cards per card region 4096

Heap:
 garbage-first heap   total 0K, used 0K [0x000000070a000000, 0x0000000800000000)
  region size 2048K, 0 young (0K), 0 survivors (0K)
 Metaspace       used 0K, committed 0K, reserved 0K
  class space    used 0K, committed 0K, reserved 0K

Heap Regions: E=young(eden), S=young(survivor), O=old, HS=humongous(starts), HC=humongous(continues), CS=collection set, F=free, TAMS=top-at-mark-start, PB=parsable bottom

Card table byte_map: [0x0000015168050000,0x0000015168800000] _byte_map_base: 0x0000015164800000

Marking Bits: (CMBitMap*) 0x000001515441f9d0
 Bits: [0x0000015168800000, 0x000001516c580000)

GC Heap History (0 events):
No events

Dll operation events (1 events):
Event: 0.005 Loaded shared library C:\Program Files\JetBrains\PyCharm Community Edition 2022.3.1\jbr\bin\java.dll

Deoptimization events (0 events):
No events

Classes loaded (0 events):
No events

Classes unloaded (0 events):
No events

Classes redefined (0 events):
No events

Internal exceptions (0 events):
No events

ZGC Phase Switch (0 events):
No events

VM Operations (0 events):
No events

Memory protections (0 events):
No events

Nmethod flushes (0 events):
No events

Events (0 events):
No events


Dynamic libraries:
0x00007ff64b3a0000 - 0x00007ff64b3aa000 	C:\Program Files\JetBrains\PyCharm Community Edition 2022.3.1\jbr\bin\java.exe
0x00007ffbb4e90000 - 0x00007ffbb50a7000 	C:\WINDOWS\SYSTEM32\ntdll.dll
0x00007ffbb3ad0000 - 0x00007ffbb3b94000 	C:\WINDOWS\System32\KERNEL32.DLL
0x00007ffbb2540000 - 0x00007ffbb2910000 	C:\WINDOWS\System32\KERNELBASE.dll
0x00007ffbb2420000 - 0x00007ffbb2531000 	C:\WINDOWS\System32\ucrtbase.dll
0x00007ffba9dc0000 - 0x00007ffba9ddb000 	C:\Program Files\JetBrains\PyCharm Community Edition 2022.3.1\jbr\bin\VCRUNTIME140.dll
0x00007ffb994f0000 - 0x00007ffb99508000 	C:\Program Files\JetBrains\PyCharm Community Edition 2022.3.1\jbr\bin\jli.dll
0x00007ffbb4910000 - 0x00007ffbb4abe000 	C:\WINDOWS\System32\USER32.dll
0x00007ffba0f50000 - 0x00007ffba11e2000 	C:\WINDOWS\WinSxS\amd64_microsoft.windows.common-controls_6595b64144ccf1df_6.0.22621.4830_none_270fe7d773858e80\COMCTL32.dll
0x00007ffbb2200000 - 0x00007ffbb2226000 	C:\WINDOWS\System32\win32u.dll
0x00007ffbb2c30000 - 0x00007ffbb2c59000 	C:\WINDOWS\System32\GDI32.dll
0x00007ffbb3c20000 - 0x00007ffbb3cc7000 	C:\WINDOWS\System32\msvcrt.dll
0x00007ffbb2a60000 - 0x00007ffbb2b7b000 	C:\WINDOWS\System32\gdi32full.dll
0x00007ffbb2940000 - 0x00007ffbb29da000 	C:\WINDOWS\System32\msvcp_win.dll
0x00007ffbb48d0000 - 0x00007ffbb4901000 	C:\WINDOWS\System32\IMM32.DLL
0x00007ffbace60000 - 0x00007ffbace6c000 	C:\Program Files\JetBrains\PyCharm Community Edition 2022.3.1\jbr\bin\vcruntime140_1.dll
0x00007ffb6f150000 - 0x00007ffb6f1dd000 	C:\Program Files\JetBrains\PyCharm Community Edition 2022.3.1\jbr\bin\msvcp140.dll
0x00007ffb3bc60000 - 0x00007ffb3ca21000 	C:\Program Files\JetBrains\PyCharm Community Edition 2022.3.1\jbr\bin\server\jvm.dll
0x00007ffbb2c60000 - 0x00007ffbb2d11000 	C:\WINDOWS\System32\ADVAPI32.dll
0x00007ffbb3d00000 - 0x00007ffbb3da7000 	C:\WINDOWS\System32\sechost.dll
0x00007ffbb2910000 - 0x00007ffbb2938000 	C:\WINDOWS\System32\bcrypt.dll
0x00007ffbb4240000 - 0x00007ffbb4354000 	C:\WINDOWS\System32\RPCRT4.dll
0x00007ffbb47f0000 - 0x00007ffbb4861000 	C:\WINDOWS\System32\WS2_32.dll
0x00007ffbb1e60000 - 0x00007ffbb1ead000 	C:\WINDOWS\SYSTEM32\POWRPROF.dll
0x00007ffba90a0000 - 0x00007ffba90d4000 	C:\WINDOWS\SYSTEM32\WINMM.dll
0x00007ffba7ed0000 - 0x00007ffba7eda000 	C:\WINDOWS\SYSTEM32\VERSION.dll
0x00007ffbb1dc0000 - 0x00007ffbb1dd3000 	C:\WINDOWS\SYSTEM32\UMPDC.dll
0x00007ffbb1120000 - 0x00007ffbb1138000 	C:\WINDOWS\SYSTEM32\kernel.appcore.dll
0x00007ffb9f6d0000 - 0x00007ffb9f6da000 	C:\Program Files\JetBrains\PyCharm Community Edition 2022.3.1\jbr\bin\jimage.dll
0x00007ffba50c0000 - 0x00007ffba52f2000 	C:\WINDOWS\SYSTEM32\DBGHELP.DLL
0x00007ffbb4ac0000 - 0x00007ffbb4e50000 	C:\WINDOWS\System32\combase.dll
0x00007ffbb3170000 - 0x00007ffbb3247000 	C:\WINDOWS\System32\OLEAUT32.dll
0x00007ffb9d820000 - 0x00007ffb9d852000 	C:\WINDOWS\SYSTEM32\dbgcore.DLL
0x00007ffbb23a0000 - 0x00007ffbb241b000 	C:\WINDOWS\System32\bcryptPrimitives.dll
0x00007ffb9f4f0000 - 0x00007ffb9f510000 	C:\Program Files\JetBrains\PyCharm Community Edition 2022.3.1\jbr\bin\java.dll

dbghelp: loaded successfully - version: 4.0.5 - missing functions: none
symbol engine: initialized successfully - sym options: 0x614 - pdb path: .;C:\Program Files\JetBrains\PyCharm Community Edition 2022.3.1\jbr\bin;C:\WINDOWS\SYSTEM32;C:\WINDOWS\WinSxS\amd64_microsoft.windows.common-controls_6595b64144ccf1df_6.0.22621.4830_none_270fe7d773858e80;C:\Program Files\JetBrains\PyCharm Community Edition 2022.3.1\jbr\bin\server

VM Arguments:
java_command: git4idea.http.GitAskPassApp Username for 'https://github.com': 
java_class_path (initial): C:/Program Files/JetBrains/PyCharm Community Edition 2022.3.1/plugins/vcs-git/lib/git4idea-rt.jar;C:/Program Files/JetBrains/PyCharm Community Edition 2022.3.1/lib/externalProcess-rt.jar
Launcher Type: SUN_STANDARD

[Global flags]
     intx CICompilerCount                          = 4                                         {product} {ergonomic}
     uint ConcGCThreads                            = 3                                         {product} {ergonomic}
     uint G1ConcRefinementThreads                  = 10                                        {product} {ergonomic}
   size_t G1HeapRegionSize                         = 2097152                                   {product} {ergonomic}
    uintx GCDrainStackTargetSize                   = 64                                        {product} {ergonomic}
   size_t InitialHeapSize                          = 257949696                                 {product} {ergonomic}
   size_t MarkStackSize                            = 4194304                                   {product} {ergonomic}
   size_t MaxHeapSize                              = 4127195136                                {product} {ergonomic}
   size_t MinHeapDeltaBytes                        = 2097152                                   {product} {ergonomic}
   size_t MinHeapSize                              = 8388608                                   {product} {ergonomic}
    uintx NonNMethodCodeHeapSize                   = 5839372                                {pd product} {ergonomic}
    uintx NonProfiledCodeHeapSize                  = 122909434                              {pd product} {ergonomic}
    uintx ProfiledCodeHeapSize                     = 122909434                              {pd product} {ergonomic}
    uintx ReservedCodeCacheSize                    = 251658240                              {pd product} {ergonomic}
     bool SegmentedCodeCache                       = true                                      {product} {ergonomic}
   size_t SoftMaxHeapSize                          = 4127195136                             {manageable} {ergonomic}
     bool UseCompressedOops                        = true                           {product lp64_product} {ergonomic}
     bool UseG1GC                                  = true                                      {product} {ergonomic}
     bool UseLargePagesIndividualAllocation        = false                                  {pd product} {ergonomic}

Logging:
Log output configuration:
 #0: stdout all=warning uptime,level,tags foldmultilines=false
 #1: stderr all=off uptime,level,tags foldmultilines=false

Environment Variables:
PATH=C:\Program Files\Git\mingw64\libexec\git-core;C:\Program Files\Git\mingw64\libexec\git-core;C:\Program Files\Git\mingw64\bin;C:\Program Files\Git\usr\bin;C:\Users\vasil\bin;C:\Program Files (x86)\Common Files\Oracle\Java\javapath;C:\Program Files (x86)\Razer Chroma SDK\bin;C:\Program Files\Razer Chroma SDK\bin;C:\Program Files (x86)\Razer\ChromaBroadcast\bin;C:\Program Files\Razer\ChromaBroadcast\bin;C:\Windows\system32;C:\Windows;C:\Windows\System32\Wbem;C:\Windows\System32\WindowsPowerShell\v1.0;C:\Windows\System32\OpenSSH;C:\Program Files (x86)\NVIDIA Corporation\PhysX\Common;C:\WINDOWS\system32;C:\WINDOWS;C:\WINDOWS\System32\Wbem;C:\WINDOWS\System32\WindowsPowerShell\v1.0;C:\WINDOWS\System32\OpenSSH;C:\WINDOWS\system32\config\systemprofile\AppData\Local\Microsoft\WindowsApps;C:\Program Files\dotnet;C:\Program Files\PuTTY;C:\Program Files\NVIDIA Corporation\NVIDIA app\NvDLISR;C:\Program Files\WireGuard;C:\Program Files\Git\cmd;C:\Program Files\Vagrant\bin;C:\Users\vasil\AppData\Local\Microsoft\WindowsApps;C:\Users\vasil\AppData\Local\Programs\Microsoft VS Code\bin;%USERPROFILE%\AppData\Local\Microsoft\WindowsApps;C:\Users\vasil\AppData\Roaming\Programs\Zero Install;C:\Users\vasil\AppData\Local\JetBrains\Toolbox\scripts
USERNAME=vasil
DISPLAY=:0.0
LC_ALL=en_US.UTF-8
TERM=xterm-256color
TMPDIR=C:\Users\vasil\AppData\Local\Temp
OS=Windows_NT
PROCESSOR_IDENTIFIER=AMD64 Family 23 Model 96 Stepping 1, AuthenticAMD
TMP=C:\Users\vasil\AppData\Local\Temp
TEMP=C:\Users\vasil\AppData\Local\Temp




Periodic native trim disabled

JNI global refs:
JNI global refs: 0, weak refs: 0

JNI global refs memory usage: 0, weak refs: 0

Process memory usage:
Resident Set Size: 12372K (0% of 16119108K total physical memory with 1614736K free physical memory)

OOME stack traces (most recent first):
Classloader memory used:

---------------  S Y S T E M  ---------------

OS:
 Windows 11 , 64 bit Build 22621 (10.0.22621.4830)
OS uptime: 5 days 11:30 hours

CPU: total 12 (initial active 12) (12 cores per cpu, 2 threads per core) family 23 model 96 stepping 1 microcode 0x0, cx8, cmov, fxsr, ht, mmx, 3dnowpref, sse, sse2, sse3, ssse3, sse4a, sse4.1, sse4.2, popcnt, lzcnt, tsc, tscinvbit, avx, avx2, aes, clmul, bmi1, bmi2, adx, sha, fma, vzeroupper, clflush, clflushopt, rdtscp, rdpid, f16c
Processor Information for the first 12 processors :
  Max Mhz: 3000, Current Mhz: 3000, Mhz Limit: 3000

Memory: 4k page, system-wide physical 15741M (1576M free)
TotalPageFile size 21741M (AvailPageFile size 254M)
current process WorkingSet (physical memory assigned to process): 12M, peak: 12M
current process commit charge ("private bytes"): 64M, peak: 310M

vm_info: OpenJDK 64-Bit Server VM (21.0.6+8-b631.39) for windows-amd64 JRE (21.0.6+8-b631.39), built on 2025-02-04 by "builduser" with MS VC++ 16.10 / 16.11 (VS2019)

END.
